<?xml version="1.0" encoding="UTF-8"?>
<!-- Generated by org.testng.reporters.JUnitReportReporter -->
<testsuite hostname="LTIN511681" failures="0" tests="3" name="com.urbanladder.runner.UrbanTestRunnerSmoke" time="42.393" errors="0" timestamp="2024-05-06T11:35:13 IST" skipped="0">
  <testcase classname="com.urbanladder.runner.UrbanTestRunnerSmoke" name="runScenario" time="18.544"/>
  <testcase classname="com.urbanladder.runner.UrbanTestRunnerSmoke" name="runScenario" time="8.412"/>
  <testcase classname="com.urbanladder.runner.UrbanTestRunnerSmoke" name="runScenario" time="15.437"/>
</testsuite> <!-- com.urbanladder.runner.UrbanTestRunnerSmoke -->
