<?xml version="1.0" encoding="UTF-8"?>
<!-- Generated by org.testng.reporters.JUnitReportReporter -->
<testsuite hostname="LTIN511681" failures="0" tests="4" name="com.urbanladder.runner.UrbanTestRunnerRegression" time="64.580" errors="0" timestamp="2024-05-06T11:38:15 IST" skipped="0">
  <testcase classname="com.urbanladder.runner.UrbanTestRunnerRegression" name="runScenario" time="14.705"/>
  <testcase classname="com.urbanladder.runner.UrbanTestRunnerRegression" name="runScenario" time="15.499"/>
  <testcase classname="com.urbanladder.runner.UrbanTestRunnerRegression" name="runScenario" time="24.892"/>
  <testcase classname="com.urbanladder.runner.UrbanTestRunnerRegression" name="runScenario" time="9.484"/>
</testsuite> <!-- com.urbanladder.runner.UrbanTestRunnerRegression -->
