<?xml version="1.0" encoding="UTF-8"?>
<!-- Generated by org.testng.reporters.JUnitReportReporter -->
<testsuite hostname="LTIN511681" failures="0" tests="4" name="com.urbanladder.runner.UrbanTestRunner" time="65.164" errors="0" timestamp="2024-05-06T12:05:47 IST" skipped="0">
  <testcase classname="com.urbanladder.runner.UrbanTestRunner" name="runScenario" time="17.158"/>
  <testcase classname="com.urbanladder.runner.UrbanTestRunner" name="runScenario" time="14.885"/>
  <testcase classname="com.urbanladder.runner.UrbanTestRunner" name="runScenario" time="8.485"/>
  <testcase classname="com.urbanladder.runner.UrbanTestRunner" name="runScenario" time="24.636"/>
</testsuite> <!-- com.urbanladder.runner.UrbanTestRunner -->
